Listening on port 3000.
Live reload enabled
Listening on port 3000.
Live reload enabled
events.js:141
      throw er; // Unhandled 'error' event
      ^

Error: listen EADDRINUSE :::3000
    at Object.exports._errnoException (util.js:870:11)
    at exports._exceptionWithHostPort (util.js:893:20)
    at Server._listen2 (net.js:1234:14)
    at listen (net.js:1270:10)
    at Server.listen (net.js:1366:5)
    at EventEmitter.listen (/Users/acalfo/dev/playgrounds/ang-test/node_modules/express/lib/application.js:617:24)
    at Object.<anonymous> (/Users/acalfo/dev/playgrounds/ang-test/server.js:9:5)
    at Module._compile (module.js:409:26)
    at Object.Module._extensions..js (module.js:416:10)
    at Module.load (module.js:343:32)
Listening on port 3000.
Live reload enabled
events.js:141
      throw er; // Unhandled 'error' event
      ^

Error: listen EADDRINUSE :::3000
    at Object.exports._errnoException (util.js:870:11)
    at exports._exceptionWithHostPort (util.js:893:20)
    at Server._listen2 (net.js:1234:14)
    at listen (net.js:1270:10)
    at Server.listen (net.js:1366:5)
    at EventEmitter.listen (/Users/acalfo/dev/playgrounds/ang-test/node_modules/express/lib/application.js:617:24)
    at Object.<anonymous> (/Users/acalfo/dev/playgrounds/ang-test/server.js:9:5)
    at Module._compile (module.js:409:26)
    at Object.Module._extensions..js (module.js:416:10)
    at Module.load (module.js:343:32)
Listening on port 3000.
Live reload enabled
events.js:141
      throw er; // Unhandled 'error' event
      ^

Error: listen EADDRINUSE :::3000
    at Object.exports._errnoException (util.js:870:11)
    at exports._exceptionWithHostPort (util.js:893:20)
    at Server._listen2 (net.js:1234:14)
    at listen (net.js:1270:10)
    at Server.listen (net.js:1366:5)
    at EventEmitter.listen (/Users/acalfo/dev/playgrounds/ang-test/node_modules/express/lib/application.js:617:24)
    at Object.<anonymous> (/Users/acalfo/dev/playgrounds/ang-test/server.js:9:5)
    at Module._compile (module.js:409:26)
    at Object.Module._extensions..js (module.js:416:10)
    at Module.load (module.js:343:32)
Listening on port 3000.
Live reload enabled
events.js:141
      throw er; // Unhandled 'error' event
      ^

Error: listen EADDRINUSE :::3000
    at Object.exports._errnoException (util.js:870:11)
    at exports._exceptionWithHostPort (util.js:893:20)
    at Server._listen2 (net.js:1234:14)
    at listen (net.js:1270:10)
    at Server.listen (net.js:1366:5)
    at EventEmitter.listen (/Users/acalfo/dev/playgrounds/ang-test/node_modules/express/lib/application.js:617:24)
    at Object.<anonymous> (/Users/acalfo/dev/playgrounds/ang-test/server.js:9:5)
    at Module._compile (module.js:409:26)
    at Object.Module._extensions..js (module.js:416:10)
    at Module.load (module.js:343:32)
Listening on port 3000.
Live reload enabled
events.js:141
      throw er; // Unhandled 'error' event
      ^

Error: listen EADDRINUSE :::3000
    at Object.exports._errnoException (util.js:870:11)
    at exports._exceptionWithHostPort (util.js:893:20)
    at Server._listen2 (net.js:1234:14)
    at listen (net.js:1270:10)
    at Server.listen (net.js:1366:5)
    at EventEmitter.listen (/Users/acalfo/dev/playgrounds/ang-test/node_modules/express/lib/application.js:617:24)
    at Object.<anonymous> (/Users/acalfo/dev/playgrounds/ang-test/server.js:9:5)
    at Module._compile (module.js:409:26)
    at Object.Module._extensions..js (module.js:416:10)
    at Module.load (module.js:343:32)
Listening on port 3000.
Live reload enabled
events.js:141
      throw er; // Unhandled 'error' event
      ^

Error: listen EADDRINUSE :::3000
    at Object.exports._errnoException (util.js:870:11)
    at exports._exceptionWithHostPort (util.js:893:20)
    at Server._listen2 (net.js:1234:14)
    at listen (net.js:1270:10)
    at Server.listen (net.js:1366:5)
    at EventEmitter.listen (/Users/acalfo/dev/playgrounds/ang-test/node_modules/express/lib/application.js:617:24)
    at Object.<anonymous> (/Users/acalfo/dev/playgrounds/ang-test/server.js:9:5)
    at Module._compile (module.js:409:26)
    at Object.Module._extensions..js (module.js:416:10)
    at Module.load (module.js:343:32)
Listening on port 3000.
Live reload enabled
events.js:141
      throw er; // Unhandled 'error' event
      ^

Error: listen EADDRINUSE :::3000
    at Object.exports._errnoException (util.js:870:11)
    at exports._exceptionWithHostPort (util.js:893:20)
    at Server._listen2 (net.js:1234:14)
    at listen (net.js:1270:10)
    at Server.listen (net.js:1366:5)
    at EventEmitter.listen (/Users/acalfo/dev/playgrounds/ang-test/node_modules/express/lib/application.js:617:24)
    at Object.<anonymous> (/Users/acalfo/dev/playgrounds/ang-test/server.js:9:5)
    at Module._compile (module.js:409:26)
    at Object.Module._extensions..js (module.js:416:10)
    at Module.load (module.js:343:32)
Listening on port 3000.
Live reload enabled
events.js:141
      throw er; // Unhandled 'error' event
      ^

Error: listen EADDRINUSE :::3000
    at Object.exports._errnoException (util.js:870:11)
    at exports._exceptionWithHostPort (util.js:893:20)
    at Server._listen2 (net.js:1234:14)
    at listen (net.js:1270:10)
    at Server.listen (net.js:1366:5)
    at EventEmitter.listen (/Users/acalfo/dev/playgrounds/ang-test/node_modules/express/lib/application.js:617:24)
    at Object.<anonymous> (/Users/acalfo/dev/playgrounds/ang-test/server.js:9:5)
    at Module._compile (module.js:409:26)
    at Object.Module._extensions..js (module.js:416:10)
    at Module.load (module.js:343:32)
Listening on port 3000.
Live reload enabled
events.js:141
      throw er; // Unhandled 'error' event
      ^

Error: listen EADDRINUSE :::3000
    at Object.exports._errnoException (util.js:870:11)
    at exports._exceptionWithHostPort (util.js:893:20)
    at Server._listen2 (net.js:1234:14)
    at listen (net.js:1270:10)
    at Server.listen (net.js:1366:5)
    at EventEmitter.listen (/Users/acalfo/dev/playgrounds/ang-test/node_modules/express/lib/application.js:617:24)
    at Object.<anonymous> (/Users/acalfo/dev/playgrounds/ang-test/server.js:9:5)
    at Module._compile (module.js:409:26)
    at Object.Module._extensions..js (module.js:416:10)
    at Module.load (module.js:343:32)
Listening on port 3000.
Live reload enabled
events.js:141
      throw er; // Unhandled 'error' event
      ^

Error: listen EADDRINUSE :::3000
    at Object.exports._errnoException (util.js:870:11)
    at exports._exceptionWithHostPort (util.js:893:20)
    at Server._listen2 (net.js:1234:14)
    at listen (net.js:1270:10)
    at Server.listen (net.js:1366:5)
    at EventEmitter.listen (/Users/acalfo/dev/playgrounds/ang-test/node_modules/express/lib/application.js:617:24)
    at Object.<anonymous> (/Users/acalfo/dev/playgrounds/ang-test/server.js:9:5)
    at Module._compile (module.js:409:26)
    at Object.Module._extensions..js (module.js:416:10)
    at Module.load (module.js:343:32)
Listening on port 3000.
Live reload enabled
events.js:141
      throw er; // Unhandled 'error' event
      ^

Error: listen EADDRINUSE :::3000
    at Object.exports._errnoException (util.js:870:11)
    at exports._exceptionWithHostPort (util.js:893:20)
    at Server._listen2 (net.js:1234:14)
    at listen (net.js:1270:10)
    at Server.listen (net.js:1366:5)
    at EventEmitter.listen (/Users/acalfo/dev/playgrounds/ang-test/node_modules/express/lib/application.js:617:24)
    at Object.<anonymous> (/Users/acalfo/dev/playgrounds/ang-test/server.js:9:5)
    at Module._compile (module.js:409:26)
    at Object.Module._extensions..js (module.js:416:10)
    at Module.load (module.js:343:32)
Listening on port 3000.
Live reload enabled
events.js:141
      throw er; // Unhandled 'error' event
      ^

Error: listen EADDRINUSE :::3000
    at Object.exports._errnoException (util.js:870:11)
    at exports._exceptionWithHostPort (util.js:893:20)
    at Server._listen2 (net.js:1234:14)
    at listen (net.js:1270:10)
    at Server.listen (net.js:1366:5)
    at EventEmitter.listen (/Users/acalfo/dev/playgrounds/ang-test/node_modules/express/lib/application.js:617:24)
    at Object.<anonymous> (/Users/acalfo/dev/playgrounds/ang-test/server.js:9:5)
    at Module._compile (module.js:409:26)
    at Object.Module._extensions..js (module.js:416:10)
    at Module.load (module.js:343:32)
Listening on port 3000.
Live reload enabled
events.js:141
      throw er; // Unhandled 'error' event
      ^

Error: listen EADDRINUSE :::3000
    at Object.exports._errnoException (util.js:870:11)
    at exports._exceptionWithHostPort (util.js:893:20)
    at Server._listen2 (net.js:1234:14)
    at listen (net.js:1270:10)
    at Server.listen (net.js:1366:5)
    at EventEmitter.listen (/Users/acalfo/dev/playgrounds/ang-test/node_modules/express/lib/application.js:617:24)
    at Object.<anonymous> (/Users/acalfo/dev/playgrounds/ang-test/server.js:13:5)
    at Module._compile (module.js:409:26)
    at Object.Module._extensions..js (module.js:416:10)
    at Module.load (module.js:343:32)
Listening on port 3000.
Live reload enabled
events.js:141
      throw er; // Unhandled 'error' event
      ^

Error: listen EADDRINUSE :::3000
    at Object.exports._errnoException (util.js:870:11)
    at exports._exceptionWithHostPort (util.js:893:20)
    at Server._listen2 (net.js:1234:14)
    at listen (net.js:1270:10)
    at Server.listen (net.js:1366:5)
    at EventEmitter.listen (/Users/acalfo/dev/playgrounds/ang-test/node_modules/express/lib/application.js:617:24)
    at Object.<anonymous> (/Users/acalfo/dev/playgrounds/ang-test/server.js:10:5)
    at Module._compile (module.js:409:26)
    at Object.Module._extensions..js (module.js:416:10)
    at Module.load (module.js:343:32)
Listening on port 3000.
Live reload enabled
events.js:141
      throw er; // Unhandled 'error' event
      ^

Error: listen EADDRINUSE :::3000
    at Object.exports._errnoException (util.js:870:11)
    at exports._exceptionWithHostPort (util.js:893:20)
    at Server._listen2 (net.js:1234:14)
    at listen (net.js:1270:10)
    at Server.listen (net.js:1366:5)
    at EventEmitter.listen (/Users/acalfo/dev/playgrounds/ang-test/node_modules/express/lib/application.js:617:24)
    at Object.<anonymous> (/Users/acalfo/dev/playgrounds/ang-test/server.js:13:5)
    at Module._compile (module.js:409:26)
    at Object.Module._extensions..js (module.js:416:10)
    at Module.load (module.js:343:32)
Listening on port 3000.
Live reload enabled
events.js:141
      throw er; // Unhandled 'error' event
      ^

Error: listen EADDRINUSE :::3000
    at Object.exports._errnoException (util.js:870:11)
    at exports._exceptionWithHostPort (util.js:893:20)
    at Server._listen2 (net.js:1234:14)
    at listen (net.js:1270:10)
    at Server.listen (net.js:1366:5)
    at EventEmitter.listen (/Users/acalfo/dev/playgrounds/ang-test/node_modules/express/lib/application.js:617:24)
    at Object.<anonymous> (/Users/acalfo/dev/playgrounds/ang-test/server.js:14:5)
    at Module._compile (module.js:409:26)
    at Object.Module._extensions..js (module.js:416:10)
    at Module.load (module.js:343:32)
Listening on port 3000.
Live reload enabled
Listening on port 3000.
Live reload enabled
Listening on port 3000.
Live reload enabled
Listening on port 3000.
Live reload enabled
Listening on port 3000.
Live reload enabled
Listening on port 3000.
Live reload enabled
Listening on port 3000.
Live reload enabled
Listening on port 3000.
Live reload enabled
Listening on port 3000.
Live reload enabled
Listening on port 3000.
Live reload enabled
Listening on port 3000.
Live reload enabled
Listening on port 3000.
Live reload enabled
Listening on port 3000.
Live reload enabled
Listening on port 3000.
Live reload enabled
Listening on port 3000.
Live reload enabled
Listening on port 3000.
Live reload enabled
events.js:141
      throw er; // Unhandled 'error' event
      ^

Error: listen EADDRINUSE :::3000
    at Object.exports._errnoException (util.js:870:11)
    at exports._exceptionWithHostPort (util.js:893:20)
    at Server._listen2 (net.js:1234:14)
    at listen (net.js:1270:10)
    at Server.listen (net.js:1366:5)
    at EventEmitter.listen (/Users/acalfo/dev/playgrounds/ang-test/node_modules/express/lib/application.js:617:24)
    at Object.<anonymous> (/Users/acalfo/dev/playgrounds/ang-test/server.js:13:5)
    at Module._compile (module.js:409:26)
    at Object.Module._extensions..js (module.js:416:10)
    at Module.load (module.js:343:32)
Listening on port 3000.
Live reload enabled
events.js:141
      throw er; // Unhandled 'error' event
      ^

Error: listen EADDRINUSE :::3000
    at Object.exports._errnoException (util.js:870:11)
    at exports._exceptionWithHostPort (util.js:893:20)
    at Server._listen2 (net.js:1234:14)
    at listen (net.js:1270:10)
    at Server.listen (net.js:1366:5)
    at EventEmitter.listen (/Users/acalfo/dev/playgrounds/ang-test/node_modules/express/lib/application.js:617:24)
    at Object.<anonymous> (/Users/acalfo/dev/playgrounds/ang-test/server.js:13:5)
    at Module._compile (module.js:409:26)
    at Object.Module._extensions..js (module.js:416:10)
    at Module.load (module.js:343:32)
Listening on port 3000.
Live reload enabled
Listening on port 3000.
Live reload enabled
